<?xml version="1.0" encoding="UTF-8"?>
<!-- Generated by org.testng.reporters.JUnitReportReporter -->
<testsuite skipped="0" hostname="Balajis-MBP.lan" name="testcase.TC_03_CreateUser" tests="1" failures="0" timestamp="2022-10-08T21:26:07 CDT" time="26.808" errors="0">
  <testcase name="usercreation" time="26.808" classname="testcase.TC_03_CreateUser"/>
  <system-out/>
</testsuite> <!-- testcase.TC_03_CreateUser -->
