<?xml version="1.0" encoding="UTF-8"?>
<!-- Generated by org.testng.reporters.JUnitReportReporter -->
<testsuite skipped="0" hostname="Balajis-MBP.lan" name="testcase.TC_login" tests="1" failures="0" timestamp="2022-10-02T21:09:18 CDT" time="16.551" errors="0">
  <testcase name="loginTest" time="16.551" classname="testcase.TC_login"/>
  <system-out/>
</testsuite> <!-- testcase.TC_login -->
