<?xml version="1.0" encoding="UTF-8"?>
<!-- Generated by org.testng.reporters.JUnitReportReporter -->
<testsuite skipped="0" hostname="Balajis-MBP.lan" name="testcase.TC_01_Navigation" tests="1" failures="0" timestamp="2022-10-09T10:48:55 CDT" time="28.308" errors="0">
  <testcase name="Navigation" time="28.308" classname="testcase.TC_01_Navigation"/>
  <system-out/>
</testsuite> <!-- testcase.TC_01_Navigation -->
