<?xml version="1.0" encoding="UTF-8"?>
<!-- Generated by org.testng.reporters.JUnitReportReporter -->
<testsuite skipped="0" hostname="Balajis-MBP.lan" name="testcase.TC_01_Navigation" tests="1" failures="0" timestamp="2022-10-08T21:26:07 CDT" time="27.197" errors="0">
  <testcase name="Navigation" time="27.197" classname="testcase.TC_01_Navigation"/>
  <system-out/>
</testsuite> <!-- testcase.TC_01_Navigation -->
