<?xml version="1.0" encoding="UTF-8"?>
<!-- Generated by org.testng.reporters.JUnitReportReporter -->
<testsuite skipped="0" hostname="Balajis-MBP.lan" name="testcase.TC_001" tests="1" failures="0" timestamp="2022-09-29T17:13:55 CDT" time="15.837" errors="0">
  <testcase name="Navigation" time="15.837" classname="testcase.TC_001"/>
  <system-out/>
</testsuite> <!-- testcase.TC_001 -->
