<?xml version="1.0" encoding="UTF-8"?>
<!-- Generated by org.testng.reporters.JUnitReportReporter -->
<testsuite skipped="0" hostname="Balajis-MBP.lan" name="base.BaseClass" tests="1" failures="0" timestamp="2022-09-28T21:05:35 CDT" time="11.283" errors="0">
  <testcase name="launchDriver" time="11.283" classname="base.BaseClass"/>
  <system-out/>
</testsuite> <!-- base.BaseClass -->
