<?xml version="1.0" encoding="UTF-8"?>
<!-- Generated by org.testng.reporters.JUnitReportReporter -->
<testsuite skipped="0" hostname="Balajis-MBP.lan" name="testcase.TC_02_login" tests="1" failures="0" timestamp="2022-10-09T12:35:08 CDT" time="15.651" errors="0">
  <testcase name="loginTest" time="15.651" classname="testcase.TC_02_login"/>
  <system-out/>
</testsuite> <!-- testcase.TC_02_login -->
